TN:
SF:C:/Users/Dealwap/Hello-Books/server.js
FN:18,(anonymous_1)
FN:26,(anonymous_2)
FN:32,(anonymous_3)
FNF:3
FNH:1
FNDA:0,(anonymous_1)
FNDA:0,(anonymous_2)
FNDA:1,(anonymous_3)
DA:1,1
DA:2,1
DA:3,1
DA:4,1
DA:5,1
DA:6,1
DA:7,1
DA:8,1
DA:10,1
DA:12,1
DA:13,1
DA:14,1
DA:15,1
DA:16,1
DA:18,1
DA:19,0
DA:22,1
DA:24,1
DA:26,1
DA:27,0
DA:30,1
DA:32,1
DA:33,1
LF:23
LH:21
BRDA:30,0,0,1
BRDA:30,0,1,0
BRF:2
BRH:1
end_of_record
TN:
SF:C:/Users/Dealwap/Hello-Books/server/controllers/Book.js
FN:5,create
FN:14,(anonymous_2)
FN:17,(anonymous_3)
FN:5,rentBook
FN:28,(anonymous_5)
FN:31,(anonymous_6)
FN:40,(anonymous_7)
FN:43,(anonymous_8)
FN:5,getBooks
FN:54,(anonymous_10)
FN:63,(anonymous_11)
FN:5,rentedBooks
FN:78,(anonymous_13)
FN:87,(anonymous_14)
FN:5,modifyBook
FN:111,(anonymous_16)
FN:114,(anonymous_17)
FN:5,getOneBook
FN:124,(anonymous_19)
FN:127,(anonymous_20)
FN:5,deleteBook
FN:137,(anonymous_22)
FN:142,(anonymous_23)
FN:5,rentedBookByUser
FN:152,(anonymous_25)
FN:161,(anonymous_26)
FN:5,returnBook
FN:175,(anonymous_28)
FN:178,(anonymous_29)
FN:187,(anonymous_30)
FN:192,(anonymous_31)
FNF:31
FNH:14
FNDA:2,create
FNDA:2,(anonymous_2)
FNDA:0,(anonymous_3)
FNDA:1,rentBook
FNDA:1,(anonymous_5)
FNDA:1,(anonymous_6)
FNDA:1,(anonymous_7)
FNDA:0,(anonymous_8)
FNDA:0,getBooks
FNDA:0,(anonymous_10)
FNDA:0,(anonymous_11)
FNDA:1,rentedBooks
FNDA:1,(anonymous_13)
FNDA:0,(anonymous_14)
FNDA:1,modifyBook
FNDA:1,(anonymous_16)
FNDA:0,(anonymous_17)
FNDA:0,getOneBook
FNDA:0,(anonymous_19)
FNDA:0,(anonymous_20)
FNDA:0,deleteBook
FNDA:0,(anonymous_22)
FNDA:0,(anonymous_23)
FNDA:0,rentedBookByUser
FNDA:0,(anonymous_25)
FNDA:0,(anonymous_26)
FNDA:1,returnBook
FNDA:1,(anonymous_28)
FNDA:1,(anonymous_29)
FNDA:1,(anonymous_30)
FNDA:0,(anonymous_31)
DA:1,1
DA:12,2
DA:14,2
DA:17,0
DA:20,1
DA:21,1
DA:22,1
DA:29,1
DA:31,1
DA:40,1
DA:43,0
DA:52,0
DA:55,0
DA:56,0
DA:60,0
DA:63,0
DA:71,1
DA:79,1
DA:80,1
DA:84,0
DA:87,0
DA:96,1
DA:111,1
DA:114,0
DA:118,0
DA:125,0
DA:127,0
DA:131,0
DA:138,0
DA:142,0
DA:146,0
DA:153,0
DA:154,0
DA:158,0
DA:161,0
DA:165,1
DA:176,1
DA:178,1
DA:187,1
DA:192,0
LF:40
LH:18
BRDA:55,0,0,0
BRDA:55,0,1,0
BRDA:79,1,0,1
BRDA:79,1,1,0
BRDA:98,2,0,1
BRDA:98,2,1,0
BRDA:99,3,0,1
BRDA:99,3,1,1
BRDA:100,4,0,1
BRDA:100,4,1,1
BRDA:101,5,0,1
BRDA:101,5,1,1
BRDA:102,6,0,1
BRDA:102,6,1,1
BRDA:103,7,0,1
BRDA:103,7,1,1
BRDA:104,8,0,1
BRDA:104,8,1,1
BRDA:153,9,0,0
BRDA:153,9,1,0
BRF:20
BRH:14
end_of_record
TN:
SF:C:/Users/Dealwap/Hello-Books/server/controllers/User.js
FN:9,create
FN:18,(anonymous_2)
FN:38,(anonymous_3)
FN:9,create_admin
FN:47,(anonymous_5)
FN:67,(anonymous_6)
FN:9,login
FN:82,(anonymous_8)
FN:88,(anonymous_9)
FNF:9
FNH:8
FNDA:2,create
FNDA:1,(anonymous_2)
FNDA:1,(anonymous_3)
FNDA:2,create_admin
FNDA:2,(anonymous_5)
FNDA:0,(anonymous_6)
FNDA:1,login
FNDA:1,(anonymous_8)
FNDA:1,(anonymous_9)
DA:1,1
DA:2,1
DA:3,1
DA:5,1
DA:6,1
DA:16,2
DA:19,1
DA:23,1
DA:29,1
DA:33,1
DA:38,1
DA:45,2
DA:48,2
DA:52,2
DA:58,2
DA:62,2
DA:67,0
DA:78,1
DA:83,1
DA:89,1
DA:95,1
DA:99,1
LF:22
LH:21
BRF:0
BRH:0
end_of_record
TN:
SF:C:/Users/Dealwap/Hello-Books/server/middleware/Authorization.js
FN:11,checkUserInput
FN:48,(anonymous_2)
FN:11,validateLogin
FN:80,(anonymous_4)
FN:11,getUsers
FN:96,(anonymous_6)
FN:97,(anonymous_7)
FN:11,isLoggedIn
FN:102,(anonymous_9)
FN:11,isAdmin
FN:11,validUser
FN:144,(anonymous_12)
FN:11,validBook
FN:161,(anonymous_14)
FNF:14
FNH:11
FNDA:6,checkUserInput
FNDA:2,(anonymous_2)
FNDA:2,validateLogin
FNDA:2,(anonymous_4)
FNDA:0,getUsers
FNDA:0,(anonymous_6)
FNDA:0,(anonymous_7)
FNDA:14,isLoggedIn
FNDA:12,(anonymous_9)
FNDA:9,isAdmin
FNDA:3,validUser
FNDA:3,(anonymous_12)
FNDA:3,validBook
FNDA:3,(anonymous_14)
DA:1,1
DA:2,1
DA:3,1
DA:4,1
DA:6,1
DA:7,1
DA:13,6
DA:14,6
DA:45,6
DA:46,6
DA:47,2
DA:48,2
DA:49,2
DA:50,2
DA:52,2
DA:57,4
DA:58,4
DA:65,4
DA:68,2
DA:69,0
DA:74,2
DA:81,2
DA:83,1
DA:85,1
DA:94,0
DA:96,0
DA:97,0
DA:100,14
DA:101,14
DA:102,12
DA:103,12
DA:104,0
DA:110,12
DA:111,12
DA:115,2
DA:122,9
DA:123,9
DA:124,0
DA:128,9
DA:129,9
DA:131,0
DA:138,3
DA:145,3
DA:146,0
DA:150,3
DA:155,3
DA:162,3
DA:163,0
DA:167,3
LF:49
LH:40
BRDA:46,0,0,2
BRDA:46,0,1,4
BRDA:68,1,0,0
BRDA:68,1,1,2
BRDA:68,2,0,2
BRDA:68,2,1,2
BRDA:81,3,0,1
BRDA:81,3,1,1
BRDA:81,4,0,2
BRDA:81,4,1,2
BRDA:101,5,0,12
BRDA:101,5,1,2
BRDA:103,6,0,0
BRDA:103,6,1,12
BRDA:123,7,0,0
BRDA:123,7,1,9
BRDA:128,8,0,9
BRDA:128,8,1,0
BRDA:145,9,0,0
BRDA:145,9,1,3
BRDA:162,10,0,0
BRDA:162,10,1,3
BRF:22
BRH:16
end_of_record
TN:
SF:C:/Users/Dealwap/Hello-Books/server/middleware/Validation.js
FN:5,checkUserInput
FN:51,(anonymous_2)
FN:5,checkTotalBook
FN:79,(anonymous_4)
FNF:4
FNH:4
FNDA:8,checkUserInput
FNDA:7,(anonymous_2)
FNDA:1,checkTotalBook
FNDA:1,(anonymous_4)
DA:1,1
DA:7,8
DA:8,8
DA:48,8
DA:49,8
DA:50,6
DA:51,6
DA:52,7
DA:53,7
DA:55,6
DA:60,2
DA:70,2
DA:73,1
DA:80,1
DA:81,0
DA:85,1
LF:16
LH:15
BRDA:49,0,0,6
BRDA:49,0,1,2
BRDA:80,1,0,0
BRDA:80,1,1,1
BRF:4
BRH:3
end_of_record
TN:
SF:C:/Users/Dealwap/Hello-Books/server/models/book.js
FN:23,associate
FNF:1
FNH:0
FNDA:0,associate
DA:2,1
DA:25,0
DA:28,0
DA:35,1
LF:4
LH:2
BRF:0
BRH:0
end_of_record
TN:
SF:C:/Users/Dealwap/Hello-Books/server/models/category.js
FN:7,associate
FNF:1
FNH:0
FNDA:0,associate
DA:2,1
DA:9,0
DA:16,1
LF:3
LH:2
BRF:0
BRH:0
end_of_record
TN:
SF:C:/Users/Dealwap/Hello-Books/server/models/history.js
FN:8,associate
FNF:1
FNH:0
FNDA:0,associate
DA:2,1
DA:10,0
DA:17,1
LF:3
LH:2
BRF:0
BRH:0
end_of_record
TN:
SF:C:/Users/Dealwap/Hello-Books/server/models/index.js
FN:21,(anonymous_1)
FN:24,(anonymous_2)
FN:29,(anonymous_3)
FNF:3
FNH:3
FNDA:7,(anonymous_1)
FNDA:6,(anonymous_2)
FNDA:6,(anonymous_3)
DA:1,1
DA:2,1
DA:3,1
DA:4,1
DA:5,1
DA:7,1
DA:8,1
DA:9,1
DA:10,1
DA:11,1
DA:12,1
DA:13,1
DA:14,0
DA:16,1
DA:19,1
DA:21,7
DA:25,6
DA:26,6
DA:29,1
DA:30,6
DA:31,0
DA:35,1
DA:36,1
LF:23
LH:21
BRDA:8,0,0,1
BRDA:8,0,1,1
BRDA:13,1,0,0
BRDA:13,1,1,1
BRDA:22,2,0,7
BRDA:22,2,1,7
BRDA:22,2,2,6
BRDA:30,3,0,0
BRDA:30,3,1,6
BRF:9
BRH:7
end_of_record
TN:
SF:C:/Users/Dealwap/Hello-Books/server/models/notification.js
FN:7,associate
FNF:1
FNH:0
FNDA:0,associate
DA:2,1
DA:9,0
DA:15,1
LF:3
LH:2
BRF:0
BRH:0
end_of_record
TN:
SF:C:/Users/Dealwap/Hello-Books/server/models/rentedbook.js
FN:10,associate
FNF:1
FNH:0
FNDA:0,associate
DA:2,1
DA:12,0
DA:16,0
DA:23,1
LF:4
LH:2
BRF:0
BRH:0
end_of_record
TN:
SF:C:/Users/Dealwap/Hello-Books/server/models/user.js
FN:34,associate
FNF:1
FNH:0
FNDA:0,associate
DA:2,1
DA:36,0
DA:42,1
LF:3
LH:2
BRF:0
BRH:0
end_of_record
TN:
SF:C:/Users/Dealwap/Hello-Books/server/routes/books.js
FNF:0
FNH:0
DA:1,1
DA:2,1
DA:3,1
DA:4,1
DA:6,1
DA:9,1
DA:17,1
DA:24,1
DA:31,1
DA:38,1
LF:10
LH:10
BRF:0
BRH:0
end_of_record
TN:
SF:C:/Users/Dealwap/Hello-Books/server/routes/users.js
FNF:0
FNH:0
DA:1,1
DA:3,1
DA:4,1
DA:5,1
DA:6,1
DA:8,1
DA:11,1
DA:15,1
DA:19,1
DA:23,1
DA:31,1
DA:38,1
DA:42,1
LF:13
LH:13
BRF:0
BRH:0
end_of_record
TN:
SF:C:/Users/Dealwap/Hello-Books/server/seeders/books.js
FNF:0
FNH:0
DA:1,1
LF:1
LH:1
BRF:0
BRH:0
end_of_record
TN:
SF:C:/Users/Dealwap/Hello-Books/server/seeders/users.js
FNF:0
FNH:0
DA:1,1
LF:1
LH:1
BRF:0
BRH:0
end_of_record
